0 info it worked if it ends with ok
1 verbose cli [ '/root/.nvm/versions/node/v6.17.1/bin/node',
1 verbose cli   '/root/.nvm/versions/node/v6.17.1/bin/npm',
1 verbose cli   'start' ]
2 info using npm@3.10.10
3 info using node@v6.17.1
4 verbose run-script [ 'prestart', 'start', 'poststart' ]
5 info lifecycle pacman@0.0.1~prestart: pacman@0.0.1
6 silly lifecycle pacman@0.0.1~prestart: no script for prestart, continuing
7 info lifecycle pacman@0.0.1~start: pacman@0.0.1
8 verbose lifecycle pacman@0.0.1~start: unsafe-perm in lifecycle true
9 verbose lifecycle pacman@0.0.1~start: PATH: /root/.nvm/versions/node/v6.17.1/lib/node_modules/npm/bin/node-gyp-bin:/mnt/c/Users/Virtuosity/Documents/Github/Pacman/node_modules/.bin:/root/.nvm/versions/node/v6.17.1/bin:/usr/local/sbin:/usr/local/bin:/usr/sbin:/usr/bin:/sbin:/bin:/usr/games:/usr/local/games:/usr/lib/wsl/lib:/mnt/c/Python311/Scripts/:/mnt/c/Python311/:/mnt/c/WINDOWS/system32:/mnt/c/WINDOWS:/mnt/c/WINDOWS/System32/Wbem:/mnt/c/WINDOWS/System32/WindowsPowerShell/v1.0/:/mnt/c/WINDOWS/System32/OpenSSH/:/mnt/c/Program Files/Git/cmd:/mnt/c/Program Files/nodejs/:/mnt/c/ProgramData/chocolatey/bin:/Docker/host/bin:/mnt/c/minikube:/mnt/c/Users/Virtuosity/AppData/Local/Microsoft/WindowsApps:/mnt/c/Users/Virtuosity/AppData/Local/Programs/Microsoft VS Code/bin:/mnt/c/ProgramData/Virtuosity/GitHubDesktop/bin:/mnt/c/Users/Virtuosity/AppData/Local/GitHubDesktop/bin:/mnt/c/Program Files/mongosh/mongosh-1.8.2-win32-x64/bin:/mnt/c/Program Files/MongoDB/Server/6.0/bin:/mnt/c/Users/Virtuosity/AppData/Roaming/npm:/snap/bin
10 verbose lifecycle pacman@0.0.1~start: CWD: /mnt/c/Users/Virtuosity/Documents/Github/Pacman
11 silly lifecycle pacman@0.0.1~start: Args: [ '-c', 'node .' ]
12 silly lifecycle pacman@0.0.1~start: Returned: code: 1  signal: null
13 info lifecycle pacman@0.0.1~start: Failed to exec start script
14 verbose stack Error: pacman@0.0.1 start: `node .`
14 verbose stack Exit status 1
14 verbose stack     at EventEmitter.<anonymous> (/root/.nvm/versions/node/v6.17.1/lib/node_modules/npm/lib/utils/lifecycle.js:255:16)
14 verbose stack     at emitTwo (events.js:106:13)
14 verbose stack     at EventEmitter.emit (events.js:191:7)
14 verbose stack     at ChildProcess.<anonymous> (/root/.nvm/versions/node/v6.17.1/lib/node_modules/npm/lib/utils/spawn.js:40:14)
14 verbose stack     at emitTwo (events.js:106:13)
14 verbose stack     at ChildProcess.emit (events.js:191:7)
14 verbose stack     at maybeClose (internal/child_process.js:920:16)
14 verbose stack     at Process.ChildProcess._handle.onexit (internal/child_process.js:230:5)
15 verbose pkgid pacman@0.0.1
16 verbose cwd /mnt/c/Users/Virtuosity/Documents/Github/Pacman
17 error Linux 5.15.90.1-microsoft-standard-WSL2
18 error argv "/root/.nvm/versions/node/v6.17.1/bin/node" "/root/.nvm/versions/node/v6.17.1/bin/npm" "start"
19 error node v6.17.1
20 error npm  v3.10.10
21 error code ELIFECYCLE
22 error pacman@0.0.1 start: `node .`
22 error Exit status 1
23 error Failed at the pacman@0.0.1 start script 'node .'.
23 error Make sure you have the latest version of node.js and npm installed.
23 error If you do, this is most likely a problem with the pacman package,
23 error not with npm itself.
23 error Tell the author that this fails on your system:
23 error     node .
23 error You can get information on how to open an issue for this project with:
23 error     npm bugs pacman
23 error Or if that isn't available, you can get their info via:
23 error     npm owner ls pacman
23 error There is likely additional logging output above.
24 verbose exit [ 1, true ]
